<?xml version="1.0" encoding="UTF-8"?>
<!-- Generated by org.testng.reporters.JUnitReportReporter -->
<testsuite skipped="0" hostname="in-suhailma-1" name="com.snow.tests.validlogintest" tests="1" failures="0" timestamp="24 May 2018 15:24:05 GMT" time="19.661" errors="0">
  <testcase name="testvalidlogin" time="19.661" classname="com.snow.tests.validlogintest"/>
</testsuite> <!-- com.snow.tests.validlogintest -->
