<?xml version="1.0" encoding="UTF-8"?>
<!-- Generated by org.testng.reporters.JUnitReportReporter -->
<testsuite skipped="0" hostname="in-suhailma-1" name="com.snow.tests.createINCtest" tests="1" failures="0" timestamp="21 May 2018 09:16:18 GMT" time="57.951" errors="0">
  <testcase name="TestCreateINC" time="57.951" classname="com.snow.tests.createINCtest"/>
</testsuite> <!-- com.snow.tests.createINCtest -->
