<?xml version="1.0" encoding="UTF-8"?>
<!-- Generated by org.testng.reporters.JUnitReportReporter -->
<testsuite skipped="0" hostname="in-suhailma-1" name="com.snow.tests.PasswordResetTest" tests="1" failures="0" timestamp="18 May 2018 09:35:19 GMT" time="49.454" errors="0">
  <testcase name="TestPassRes" time="49.454" classname="com.snow.tests.PasswordResetTest"/>
</testsuite> <!-- com.snow.tests.PasswordResetTest -->
