<?xml version="1.0" encoding="UTF-8"?>
<!-- Generated by org.testng.reporters.JUnitReportReporter -->
<testsuite skipped="0" hostname="in-suhailma-1" name="com.snow.tests.validloginlogouttest" tests="1" failures="0" timestamp="24 May 2018 16:17:40 GMT" time="25.785" errors="0">
  <testcase name="testvalidloginlogout" time="25.785" classname="com.snow.tests.validloginlogouttest"/>
</testsuite> <!-- com.snow.tests.validloginlogouttest -->
