<?xml version="1.0" encoding="UTF-8"?>
<!-- Generated by org.testng.reporters.JUnitReportReporter -->
<testsuite skipped="0" hostname="in-suhailma-1" name="practice.titleverification" tests="1" failures="0" timestamp="24 May 2018 15:05:50 GMT" time="21.250" errors="0">
  <testcase name="getTitle" time="21.250" classname="practice.titleverification"/>
</testsuite> <!-- practice.titleverification -->
