<?xml version="1.0" encoding="UTF-8"?>
<!-- Generated by org.testng.reporters.JUnitReportReporter -->
<testsuite skipped="0" hostname="in-suhailma-1" name="practice.dataprovider" tests="2" failures="0" timestamp="24 May 2018 05:06:22 GMT" time="49.346" errors="0">
  <testcase name="enterData" time="31.151" classname="practice.dataprovider"/>
  <testcase name="enterData" time="18.195" classname="practice.dataprovider"/>
</testsuite> <!-- practice.dataprovider -->
