<?xml version="1.0" encoding="UTF-8"?>
<!-- Generated by org.testng.reporters.JUnitReportReporter -->
<testsuite skipped="0" hostname="in-suhailma-1" name="com.snow.tests.validlogintest" tests="1" failures="0" timestamp="18 May 2018 09:35:19 GMT" time="20.687" errors="0">
  <testcase name="testvalidlogin" time="20.687" classname="com.snow.tests.validlogintest"/>
</testsuite> <!-- com.snow.tests.validlogintest -->
